2025/07/01 16:44:05 [2.790ms] [rows:1] SELECT count(*) FROM `users` WHERE `users`.`deleted_at` IS NULL
2025/07/01 16:44:05 [3.645ms] [rows:3] SELECT * FROM `accounts` WHERE `accounts`.`user_id` IN (1,3,5) AND `accounts`.`deleted_at` IS NULL
2025/07/01 16:44:05 [6.906ms] [rows:3] SELECT * FROM `users` WHERE `users`.`deleted_at` IS NULL LIMIT 10
2025/07/01 16:44:31 [2.599ms] [rows:1] SELECT count(*) FROM `users` WHERE `users`.`deleted_at` IS NULL
2025/07/01 16:44:31 [2.268ms] [rows:3] SELECT * FROM `accounts` WHERE `accounts`.`user_id` IN (1,3,5) AND `accounts`.`deleted_at` IS NULL
2025/07/01 16:44:31 [3.395ms] [rows:3] SELECT * FROM `users` WHERE `users`.`deleted_at` IS NULL LIMIT 10
2025/07/01 16:50:14 [4.940ms] [rows:1] SELECT count(*) FROM `users` WHERE `users`.`deleted_at` IS NULL
2025/07/01 16:50:14 [1.050ms] [rows:3] SELECT * FROM `accounts` WHERE `accounts`.`user_id` IN (1,3,5) AND `accounts`.`deleted_at` IS NULL
2025/07/01 16:50:14 [3.303ms] [rows:3] SELECT * FROM `users` WHERE `users`.`deleted_at` IS NULL LIMIT 10
2025/07/01 16:50:54 [1.648ms] [rows:1] SELECT count(*) FROM `users` WHERE `users`.`deleted_at` IS NULL
2025/07/01 16:50:54 [1.743ms] [rows:3] SELECT * FROM `accounts` WHERE `accounts`.`user_id` IN (1,3,5) AND `accounts`.`deleted_at` IS NULL
2025/07/01 16:50:54 [2.922ms] [rows:3] SELECT * FROM `users` WHERE `users`.`deleted_at` IS NULL LIMIT 10
2025/07/01 16:53:48 [3.520ms] [rows:1] SELECT count(*) FROM `users` WHERE `users`.`deleted_at` IS NULL
2025/07/01 16:53:48 [3.040ms] [rows:3] SELECT * FROM `accounts` WHERE `accounts`.`user_id` IN (1,3,5) AND `accounts`.`deleted_at` IS NULL
2025/07/01 16:53:48 [6.142ms] [rows:3] SELECT * FROM `users` WHERE `users`.`deleted_at` IS NULL LIMIT 10
2025/07/01 16:54:08 [2.179ms] [rows:1] SELECT count(*) FROM `users` WHERE `users`.`deleted_at` IS NULL
2025/07/01 16:54:08 [1.718ms] [rows:3] SELECT * FROM `accounts` WHERE `accounts`.`user_id` IN (1,3,5) AND `accounts`.`deleted_at` IS NULL
2025/07/01 16:54:08 [5.694ms] [rows:3] SELECT * FROM `users` WHERE `users`.`deleted_at` IS NULL LIMIT 10
2025/07/01 16:55:03 [3.797ms] [rows:1] SELECT count(*) FROM `users` WHERE `users`.`deleted_at` IS NULL
2025/07/01 16:55:03 [1.681ms] [rows:3] SELECT * FROM `accounts` WHERE `accounts`.`user_id` IN (1,3,5) AND `accounts`.`deleted_at` IS NULL
2025/07/01 16:55:03 [4.665ms] [rows:3] SELECT * FROM `users` WHERE `users`.`deleted_at` IS NULL LIMIT 10
2025/07/01 16:55:04 [2.008ms] [rows:1] SELECT count(*) FROM `users` WHERE `users`.`deleted_at` IS NULL
2025/07/01 16:55:04 [1.051ms] [rows:3] SELECT * FROM `accounts` WHERE `accounts`.`user_id` IN (1,3,5) AND `accounts`.`deleted_at` IS NULL
2025/07/01 16:55:04 [2.763ms] [rows:3] SELECT * FROM `users` WHERE `users`.`deleted_at` IS NULL LIMIT 10
2025/07/01 16:55:04 [3.296ms] [rows:1] SELECT count(*) FROM `users` WHERE `users`.`deleted_at` IS NULL
2025/07/01 16:55:04 [1.656ms] [rows:3] SELECT * FROM `accounts` WHERE `accounts`.`user_id` IN (1,3,5) AND `accounts`.`deleted_at` IS NULL
2025/07/01 16:55:04 [4.449ms] [rows:3] SELECT * FROM `users` WHERE `users`.`deleted_at` IS NULL LIMIT 10
2025/07/01 16:55:04 [3.520ms] [rows:1] SELECT count(*) FROM `users` WHERE `users`.`deleted_at` IS NULL
2025/07/01 16:55:04 [1.134ms] [rows:3] SELECT * FROM `accounts` WHERE `accounts`.`user_id` IN (1,3,5) AND `accounts`.`deleted_at` IS NULL
2025/07/01 16:55:04 [5.764ms] [rows:3] SELECT * FROM `users` WHERE `users`.`deleted_at` IS NULL LIMIT 10
2025/07/01 16:55:05 [0.664ms] [rows:1] SELECT * FROM `users` WHERE `users`.`id` = 1 AND `users`.`deleted_at` IS NULL ORDER BY `users`.`id` LIMIT 1
2025/07/01 16:55:05 [1.001ms] [rows:1] UPDATE `users` SET `updated_at`='2025-07-01 16:55:05.905' WHERE `users`.`deleted_at` IS NULL AND `id` = 1
2025/07/01 16:55:05 [0.504ms] [rows:0] SELECT * FROM `accounts` WHERE (id = 3 AND user_id IS NOT NULL AND user_id != 1) AND `accounts`.`deleted_at` IS NULL ORDER BY `accounts`.`id` LIMIT 1
2025/07/01 16:55:05 [0.885ms] [rows:1] UPDATE `accounts` SET `user_id`=NULL,`updated_at`='2025-07-01 16:55:05.907' WHERE user_id = 1 AND `accounts`.`deleted_at` IS NULL
2025/07/01 16:55:05 [0.503ms] [rows:1] UPDATE `accounts` SET `updated_at`='2025-07-01 16:55:05.908',`user_id`=1 WHERE id = 3 AND `accounts`.`deleted_at` IS NULL
2025/07/01 16:55:05 [0.316ms] [rows:1] UPDATE `accounts` SET `updated_at`='2025-07-01 16:55:05.906' WHERE user_id=1 AND `accounts`.`deleted_at` IS NULL
2025/07/01 16:55:05 [0.562ms] [rows:1] SELECT * FROM `accounts` WHERE `accounts`.`user_id` = 1 AND `accounts`.`deleted_at` IS NULL
2025/07/01 16:55:05 [1.129ms] [rows:1] SELECT * FROM `users` WHERE `users`.`id` = 1 AND `users`.`deleted_at` IS NULL AND `users`.`id` = 1 ORDER BY `users`.`id` LIMIT 1
2025/07/01 16:55:10 [1.841ms] [rows:1] SELECT * FROM `users` WHERE `users`.`id` = 1 AND `users`.`deleted_at` IS NULL ORDER BY `users`.`id` LIMIT 1
2025/07/01 16:55:10 [1.099ms] [rows:1] UPDATE `users` SET `updated_at`='2025-07-01 16:55:10.826' WHERE `users`.`deleted_at` IS NULL AND `id` = 1
2025/07/01 16:55:10 [0.680ms] [rows:0] SELECT * FROM `accounts` WHERE (id = 3 AND user_id IS NOT NULL AND user_id != 1) AND `accounts`.`deleted_at` IS NULL ORDER BY `accounts`.`id` LIMIT 1
2025/07/01 16:55:10 [0.997ms] [rows:1] UPDATE `accounts` SET `user_id`=NULL,`updated_at`='2025-07-01 16:55:10.828' WHERE user_id = 1 AND `accounts`.`deleted_at` IS NULL
2025/07/01 16:55:10 [0.000ms] [rows:1] UPDATE `accounts` SET `updated_at`='2025-07-01 16:55:10.829',`user_id`=1 WHERE id = 3 AND `accounts`.`deleted_at` IS NULL
2025/07/01 16:55:10 [0.000ms] [rows:1] UPDATE `accounts` SET `updated_at`='2025-07-01 16:55:10.827' WHERE user_id=1 AND `accounts`.`deleted_at` IS NULL
2025/07/01 16:55:10 [0.616ms] [rows:1] SELECT * FROM `accounts` WHERE `accounts`.`user_id` = 1 AND `accounts`.`deleted_at` IS NULL
2025/07/01 16:55:10 [1.141ms] [rows:1] SELECT * FROM `users` WHERE `users`.`id` = 1 AND `users`.`deleted_at` IS NULL AND `users`.`id` = 1 ORDER BY `users`.`id` LIMIT 1
2025/07/01 16:55:11 [1.117ms] [rows:1] SELECT * FROM `users` WHERE `users`.`id` = 1 AND `users`.`deleted_at` IS NULL ORDER BY `users`.`id` LIMIT 1
2025/07/01 16:55:11 [1.382ms] [rows:1] UPDATE `users` SET `updated_at`='2025-07-01 16:55:11.457' WHERE `users`.`deleted_at` IS NULL AND `id` = 1
2025/07/01 16:55:11 [1.046ms] [rows:0] SELECT * FROM `accounts` WHERE (id = 3 AND user_id IS NOT NULL AND user_id != 1) AND `accounts`.`deleted_at` IS NULL ORDER BY `accounts`.`id` LIMIT 1
2025/07/01 16:55:11 [1.317ms] [rows:1] UPDATE `accounts` SET `user_id`=NULL,`updated_at`='2025-07-01 16:55:11.461' WHERE user_id = 1 AND `accounts`.`deleted_at` IS NULL
2025/07/01 16:55:11 [0.783ms] [rows:1] UPDATE `accounts` SET `updated_at`='2025-07-01 16:55:11.461',`user_id`=1 WHERE id = 3 AND `accounts`.`deleted_at` IS NULL
2025/07/01 16:55:11 [0.971ms] [rows:1] UPDATE `accounts` SET `updated_at`='2025-07-01 16:55:11.459' WHERE user_id=1 AND `accounts`.`deleted_at` IS NULL
2025/07/01 16:55:11 [0.673ms] [rows:1] SELECT * FROM `accounts` WHERE `accounts`.`user_id` = 1 AND `accounts`.`deleted_at` IS NULL
2025/07/01 16:55:11 [1.183ms] [rows:1] SELECT * FROM `users` WHERE `users`.`id` = 1 AND `users`.`deleted_at` IS NULL AND `users`.`id` = 1 ORDER BY `users`.`id` LIMIT 1
