2025/07/01 15:08:33 初始化日志成功
2025/07/01 15:08:33 初始化配置成功
2025/07/01 15:08:33 数据库连接成功

2025/07/01 15:09:04 初始化日志成功
2025/07/01 15:09:04 初始化配置成功
2025/07/01 15:09:04 数据库连接成功
2025/07/01 15:09:23 初始化日志成功
2025/07/01 15:09:23 初始化配置成功
2025/07/01 15:09:23 数据库连接成功
2025/07/01 15:09:26 初始化日志成功
2025/07/01 15:09:26 初始化配置成功
2025/07/01 15:09:26 数据库连接成功
2025/07/01 15:09:35 初始化日志成功
2025/07/01 15:09:35 初始化配置成功
2025/07/01 15:09:35 数据库连接成功
2025/07/01 15:09:45 初始化日志成功
2025/07/01 15:09:45 初始化配置成功
2025/07/01 15:09:45 数据库连接成功
2025/07/01 15:11:16 初始化日志成功
2025/07/01 15:11:16 初始化配置成功
2025/07/01 15:11:16 数据库连接成功
2025/07/01 15:11:32 初始化日志成功
2025/07/01 15:11:33 初始化配置成功
2025/07/01 15:11:33 数据库连接成功
2025/07/01 15:15:05 初始化日志成功
2025/07/01 15:15:05 初始化配置成功
2025/07/01 15:15:05 数据库连接成功/n
2025/07/01 15:15:12 初始化日志成功
2025/07/01 15:15:12 初始化配置成功
2025/07/01 15:15:12 数据库连接成功
2025/07/01 15:15:18 初始化日志成功
2025/07/01 15:15:18 初始化配置成功
2025/07/01 15:15:18 数据库连接成功
2025/07/01 15:15:18 初始化日志成功
2025/07/01 15:15:18 初始化配置成功
2025/07/01 15:15:18 数据库连接成功
2025/07/01 15:15:18 启动服务失败: listen tcp :8080: bind: Only one usage of each socket address (protocol/network address/port) is normally permitted.
2025/07/01 15:15:40 初始化日志成功
2025/07/01 15:15:40 初始化配置成功
2025/07/01 15:15:40 数据库连接成功
2025/07/01 15:15:46 初始化日志成功
2025/07/01 15:15:46 初始化配置成功
2025/07/01 15:15:46 数据库连接成功
2025/07/01 15:15:50 初始化日志成功
2025/07/01 15:15:50 初始化配置成功
2025/07/01 15:15:50 数据库连接成功
2025/07/01 15:16:07 初始化日志成功
2025/07/01 15:16:08 初始化配置成功
2025/07/01 15:16:08 数据库连接成功
2025/07/01 15:16:14 初始化日志成功
2025/07/01 15:16:14 初始化配置成功
2025/07/01 15:16:14 初始化日志成功
2025/07/01 15:16:14 初始化配置成功
2025/07/01 15:16:14 数据库连接成功
2025/07/01 15:16:14 数据库连接成功
2025/07/01 15:16:14 启动服务失败: listen tcp :8080: bind: Only one usage of each socket address (protocol/network address/port) is normally permitted.
2025/07/01 15:16:16 初始化日志成功
2025/07/01 15:16:16 初始化配置成功
2025/07/01 15:16:16 数据库连接成功
2025/07/01 15:16:19 初始化日志成功
2025/07/01 15:16:19 初始化配置成功
2025/07/01 15:16:19 数据库连接成功
2025/07/01 15:16:20 初始化日志成功
2025/07/01 15:16:20 初始化配置成功
2025/07/01 15:16:20 数据库连接成功
2025/07/01 15:16:20 启动服务失败: listen tcp :8080: bind: Only one usage of each socket address (protocol/network address/port) is normally permitted.
2025/07/01 15:17:57 初始化日志成功
2025/07/01 15:17:57 初始化配置成功
2025/07/01 15:17:57 数据库连接成功
2025/07/01 15:18:25 初始化日志成功
2025/07/01 15:18:25 初始化配置成功
2025/07/01 15:18:25 数据库连接成功
